[debug] [2025-02-02T22:31:26.287Z] ----------------------------------------------------------------------
[debug] [2025-02-02T22:31:26.290Z] Command:       C:\Program Files\nodejs\node.exe C:\Program Files\nodejs\node_modules\firebase-tools\lib\bin\firebase.js init
[debug] [2025-02-02T22:31:26.290Z] CLI Version:   13.20.2
[debug] [2025-02-02T22:31:26.291Z] Platform:      win32
[debug] [2025-02-02T22:31:26.291Z] Node Version:  v20.18.0
[debug] [2025-02-02T22:31:26.291Z] Time:          Sun Feb 02 2025 17:31:26 GMT-0500 (Eastern Standard Time)
[debug] [2025-02-02T22:31:26.291Z] ----------------------------------------------------------------------
[debug] 
[debug] [2025-02-02T22:31:26.308Z] >>> [apiv2][query] GET https://firebase-public.firebaseio.com/cli.json [none]
[debug] [2025-02-02T22:31:26.386Z] > command requires scopes: ["email","openid","https://www.googleapis.com/auth/cloudplatformprojects.readonly","https://www.googleapis.com/auth/firebase","https://www.googleapis.com/auth/cloud-platform"]
[debug] [2025-02-02T22:31:26.386Z] > authorizing via signed-in user (bhupinderkaransingh@gmail.com)
[info] 
     ######## #### ########  ######## ########     ###     ######  ########
     ##        ##  ##     ## ##       ##     ##  ##   ##  ##       ##
     ######    ##  ########  ######   ########  #########  ######  ######
     ##        ##  ##    ##  ##       ##     ## ##     ##       ## ##
     ##       #### ##     ## ######## ########  ##     ##  ######  ########

You're about to initialize a Firebase project in this directory:

  C:\Users\bhupi\OneDrive\Documents\GitHub\GGSSC-Frontend

[debug] [2025-02-02T22:31:26.507Z] <<< [apiv2][status] GET https://firebase-public.firebaseio.com/cli.json 200
[debug] [2025-02-02T22:31:26.508Z] <<< [apiv2][body] GET https://firebase-public.firebaseio.com/cli.json {"cloudBuildErrorAfter":1594252800000,"cloudBuildWarnAfter":1590019200000,"defaultNode10After":1594252800000,"minVersion":"3.0.5","node8DeploysDisabledAfter":1613390400000,"node8RuntimeDisabledAfter":1615809600000,"node8WarnAfter":1600128000000}
